TN:
SF:config/database.ts
FNF:0
FNH:0
DA:2,3
DA:6,3
DA:7,0
DA:16,3
DA:28,3
LF:5
LH:4
BRDA:6,0,0,0
BRDA:6,0,1,3
BRDA:12,1,0,0
BRDA:12,1,1,0
BRF:4
BRH:1
end_of_record
TN:
SF:controllers/health-check/health.controller.ts
FN:5,(anonymous_7)
FNF:1
FNH:1
FNDA:1,(anonymous_7)
DA:3,1
DA:6,1
LF:2
LH:2
BRF:0
BRH:0
end_of_record
TN:
SF:controllers/tickets/tickets.controller.ts
FN:5,(anonymous_8)
FN:15,(anonymous_10)
FN:25,(anonymous_12)
FN:35,(anonymous_14)
FNF:4
FNH:4
FNDA:2,(anonymous_8)
FNDA:2,(anonymous_10)
FNDA:2,(anonymous_12)
FNDA:2,(anonymous_14)
DA:2,1
DA:4,1
DA:6,2
DA:7,2
DA:8,2
DA:9,1
DA:11,1
DA:16,2
DA:17,2
DA:18,2
DA:19,1
DA:21,1
DA:26,2
DA:27,2
DA:28,2
DA:29,1
DA:31,1
DA:36,2
DA:37,2
DA:38,2
DA:39,1
DA:41,1
LF:22
LH:22
BRF:0
BRH:0
end_of_record
TN:
SF:controllers/users/users.controller.ts
FN:6,(anonymous_14)
FN:15,(anonymous_16)
FNF:2
FNH:2
FNDA:2,(anonymous_14)
FNDA:2,(anonymous_16)
DA:2,1
DA:3,1
DA:5,1
DA:7,2
DA:8,2
DA:9,1
DA:11,1
DA:16,2
DA:17,2
DA:18,2
DA:19,2
DA:20,2
DA:21,1
DA:27,1
LF:14
LH:14
BRF:0
BRH:0
end_of_record
TN:
SF:models/index.ts
FNF:0
FNH:0
DA:1,3
DA:2,3
DA:4,3
LF:3
LH:3
BRF:0
BRH:0
end_of_record
TN:
SF:models/tickets.ts
FNF:0
FNH:0
DA:2,3
DA:3,3
DA:4,3
DA:14,3
DA:40,3
DA:45,3
LF:6
LH:6
BRF:0
BRH:0
end_of_record
TN:
SF:models/users.ts
FNF:0
FNH:0
DA:2,3
DA:3,3
DA:12,3
DA:28,3
LF:4
LH:4
BRF:0
BRH:0
end_of_record
TN:
SF:repositories/tickets.repository.ts
FN:4,(anonymous_7)
FN:28,(anonymous_9)
FN:42,(anonymous_11)
FN:52,(anonymous_13)
FN:66,(anonymous_15)
FNF:5
FNH:4
FNDA:1,(anonymous_7)
FNDA:1,(anonymous_9)
FNDA:1,(anonymous_11)
FNDA:1,(anonymous_13)
FNDA:0,(anonymous_15)
DA:1,2
DA:3,2
DA:5,1
DA:6,1
DA:7,0
DA:11,1
DA:12,1
DA:21,1
DA:23,0
DA:24,0
DA:29,1
DA:30,1
DA:35,1
DA:37,0
DA:38,0
DA:43,1
DA:44,1
DA:45,1
DA:47,0
DA:48,0
DA:53,1
DA:54,1
DA:59,1
DA:61,0
DA:62,0
DA:67,0
DA:68,0
DA:73,0
DA:75,0
DA:76,0
LF:30
LH:16
BRDA:4,0,0,1
BRDA:6,1,0,0
BRF:2
BRH:1
end_of_record
TN:
SF:repositories/users.repository.ts
FN:4,(anonymous_7)
FN:17,(anonymous_9)
FN:32,(anonymous_11)
FNF:3
FNH:0
FNDA:0,(anonymous_7)
FNDA:0,(anonymous_9)
FNDA:0,(anonymous_11)
DA:1,1
DA:3,1
DA:5,0
DA:6,0
DA:9,0
DA:10,0
DA:12,0
DA:13,0
DA:18,0
DA:19,0
DA:24,0
DA:25,0
DA:27,0
DA:28,0
DA:33,0
DA:34,0
DA:35,0
DA:37,0
DA:38,0
LF:19
LH:2
BRF:0
BRH:0
end_of_record
